./auto-run.sh: line 9:  5230 Killed                     nohup node server.js > server.log 2>&1
./auto-run.sh: line 9: 14764 Killed                     nohup node server.js > server.log 2>&1
./auto-run.sh: line 9: 17657 Killed                     nohup node server.js > server.log 2>&1
./auto-run.sh: line 9: 18274 Killed                     nohup node server.js > server.log 2>&1
./auto-run.sh: line 9: 18756 Killed                     nohup node server.js > server.log 2>&1
./auto-run.sh: line 9: 21764 Killed                     nohup node server.js > server.log 2>&1
./auto-run.sh: line 9: 25404 Killed                     nohup node server.js > server.log 2>&1
./auto-run.sh: line 15: 25950 Killed                     nohup node keep-alive.js > keep-alive.log 2>&1
./auto-run.sh: line 9: 26180 Killed                     nohup node server.js > server.log 2>&1
./auto-run.sh: line 9: 26381 Killed                     nohup node keep-alive.js > keep-alive.log 2>&1
./auto-run.sh: line 9: 26947 Killed                     nohup node server.js > server.log 2>&1
./auto-run.sh: line 15: 27310 Killed                     nohup node server.js > server.log 2>&1
./auto-run.sh: line 15: 27318 Killed                     nohup node keep-alive.js > keep-alive.log 2>&1
./auto-run.sh: line 9: 28087 Killed                     nohup node keep-alive.js > keep-alive.log 2>&1
./auto-run.sh: line 9: 31167 Killed                     nohup node server.js > server.log 2>&1
./auto-run.sh: line 9: 32714 Killed                     nohup node server.js > server.log 2>&1
./auto-run.sh: line 9: 32717 Killed                     nohup node keep-alive.js > keep-alive.log 2>&1
./auto-run.sh: line 9:   956 Killed                     nohup node server.js > server.log 2>&1
./auto-run.sh: line 9:   959 Killed                     nohup node keep-alive.js > keep-alive.log 2>&1
./auto-run.sh: line 9: 11454 Killed                     nohup node server.js > server.log 2>&1
./auto-run.sh: line 9: 11457 Killed                     nohup node keep-alive.js > keep-alive.log 2>&1
./auto-run.sh: line 9: 19403 Killed                     nohup node server.js > server.log 2>&1
./auto-run.sh: line 9: 20104 Killed                     nohup node server.js > server.log 2>&1
